<?xml version="1.0" encoding="UTF-8"?>

<beans xmlns="http://www.springframework.org/schema/beans"
       xmlns:xsi="http://www.w3.org/2001/XMLSchema-instance"
       xsi:schemaLocation="http://www.springframework.org/schema/beans
    http://www.springframework.org/schema/beans/spring-beans.xsd">

    <!-- Define Clients and Accounts -->
    <bean id="client1" class="com.luxoft.bankapp.model.Client">
        <property name="name" value="Jonny Bravo" />
        <property name="gender" value="MALE" />
        <property name="accounts">
            <list>
                <ref bean="savingAccount1"/>
                <ref bean="checkingAccount1"/>
            </list>
        </property>
    </bean>

    <bean id="client2" class="com.luxoft.bankapp.model.Client">
        <property name="name" value="Adam Budzinski" />
        <property name="gender" value="MALE" />
        <property name="accounts">
            <list>
                <ref bean="checkingAccount2"/>
            </list>
        </property>
    </bean>

    <!-- Define Accounts -->
    <bean id="savingAccount1" class="com.luxoft.bankapp.model.SavingAccount">
        <constructor-arg value="1000"/>
    </bean>

    <bean id="checkingAccount1" class="com.luxoft.bankapp.model.CheckingAccount">
        <constructor-arg value="1000"/>
    </bean>

    <bean id="checkingAccount2" class="com.luxoft.bankapp.model.CheckingAccount">
        <constructor-arg value="1500"/>
    </bean>

</beans>
